# JRE version: OpenJDK Runtime Environment (11.0.12+7) (build 11.0.12+7-b1504.28-7817840)
# Java VM: OpenJDK 64-Bit Server VM (11.0.12+7-b1504.28-7817840, mixed mode, tiered, compressed oops, g1 gc, windows-amd64)
Heap:
 garbage-first heap   total 272384K, used 185344K [0x0000000080000000, 0x0000000100000000)
  region size 1024K, 2 young (2048K), 2 survivors (2048K)
 Metaspace       used 93899K, capacity 96152K, committed 96512K, reserved 1132544K
  class space    used 12357K, capacity 13204K, committed 13312K, reserved 1048576K
GC Heap History (20 events):
Event: 29.297 GC heap after
{Heap after GC invocations=25 (full 0):
 garbage-first heap   total 187392K, used 97473K [0x0000000080000000, 0x0000000100000000)
  region size 1024K, 9 young (9216K), 9 survivors (9216K)
 Metaspace       used 88355K, capacity 90589K, committed 90624K, reserved 1128448K
  class space    used 11477K, capacity 12285K, committed 12288K, reserved 1048576K
}
Event: 29.769 GC heap before
{Heap before GC invocations=26 (full 0):
 garbage-first heap   total 187392K, used 111809K [0x0000000080000000, 0x0000000100000000)
  region size 1024K, 21 young (21504K), 9 survivors (9216K)
 Metaspace       used 90939K, capacity 93172K, committed 93312K, reserved 1130496K
  class space    used 11826K, capacity 12616K, committed 12672K, reserved 1048576K
}
Event: 29.784 GC heap after
{Heap after GC invocations=27 (full 0):
 garbage-first heap   total 187392K, used 103827K [0x0000000080000000, 0x0000000100000000)
  region size 1024K, 3 young (3072K), 3 survivors (3072K)
 Metaspace       used 90939K, capacity 93172K, committed 93312K, reserved 1130496K
  class space    used 11826K, capacity 12616K, committed 12672K, reserved 1048576K
}
Event: 30.218 GC heap before
{Heap before GC invocations=28 (full 0):
 garbage-first heap   total 187392K, used 165267K [0x0000000080000000, 0x0000000100000000)
  region size 1024K, 34 young (34816K), 3 survivors (3072K)
 Metaspace       used 91557K, capacity 93755K, committed 93952K, reserved 1130496K
  class space    used 11912K, capacity 12727K, committed 12800K, reserved 1048576K
}
Event: 30.232 GC heap after
{Heap after GC invocations=29 (full 0):
 garbage-first heap   total 187392K, used 126930K [0x0000000080000000, 0x0000000100000000)
  region size 1024K, 5 young (5120K), 5 survivors (5120K)
 Metaspace       used 91557K, capacity 93755K, committed 93952K, reserved 1130496K
  class space    used 11912K, capacity 12727K, committed 12800K, reserved 1048576K
}
Event: 30.382 GC heap before
{Heap before GC invocations=29 (full 0):
 garbage-first heap   total 187392K, used 146386K [0x0000000080000000, 0x0000000100000000)
  region size 1024K, 25 young (25600K), 5 survivors (5120K)
 Metaspace       used 91560K, capacity 93755K, committed 93952K, reserved 1130496K
  class space    used 11912K, capacity 12727K, committed 12800K, reserved 1048576K
}
Event: 30.410 GC heap after
{Heap after GC invocations=30 (full 0):
 garbage-first heap   total 187392K, used 135392K [0x0000000080000000, 0x0000000100000000)
  region size 1024K, 4 young (4096K), 4 survivors (4096K)
 Metaspace       used 91560K, capacity 93755K, committed 93952K, reserved 1130496K
  class space    used 11912K, capacity 12727K, committed 12800K, reserved 1048576K
}
Event: 30.571 GC heap before
{Heap before GC invocations=30 (full 0):
 garbage-first heap   total 187392K, used 153824K [0x0000000080000000, 0x0000000100000000)
  region size 1024K, 20 young (20480K), 4 survivors (4096K)
 Metaspace       used 91560K, capacity 93755K, committed 93952K, reserved 1130496K
  class space    used 11912K, capacity 12727K, committed 12800K, reserved 1048576K
}
Event: 30.603 GC heap after
{Heap after GC invocations=31 (full 0):
 garbage-first heap   total 187392K, used 144259K [0x0000000080000000, 0x0000000100000000)
  region size 1024K, 3 young (3072K), 3 survivors (3072K)
 Metaspace       used 91560K, capacity 93755K, committed 93952K, reserved 1130496K
  class space    used 11912K, capacity 12727K, committed 12800K, reserved 1048576K
}
Event: 30.987 GC heap before
{Heap before GC invocations=32 (full 0):
 garbage-first heap   total 187392K, used 156547K [0x0000000080000000, 0x0000000100000000)
  region size 1024K, 15 young (15360K), 3 survivors (3072K)
 Metaspace       used 93397K, capacity 95734K, committed 96000K, reserved 1132544K
  class space    used 12337K, capacity 13200K, committed 13312K, reserved 1048576K
}
Event: 31.007 GC heap after
{Heap after GC invocations=33 (full 0):
 garbage-first heap   total 187392K, used 148480K [0x0000000080000000, 0x0000000100000000)
  region size 1024K, 2 young (2048K), 2 survivors (2048K)
 Metaspace       used 93397K, capacity 95734K, committed 96000K, reserved 1132544K
  class space    used 12337K, capacity 13200K, committed 13312K, reserved 1048576K
}
Event: 31.267 GC heap before
{Heap before GC invocations=33 (full 0):
 garbage-first heap   total 187392K, used 158720K [0x0000000080000000, 0x0000000100000000)
  region size 1024K, 12 young (12288K), 2 survivors (2048K)
 Metaspace       used 93835K, capacity 96144K, committed 96256K, reserved 1132544K
  class space    used 12357K, capacity 13204K, committed 13312K, reserved 1048576K
}
Event: 31.285 GC heap after
{Heap after GC invocations=34 (full 0):
 garbage-first heap   total 225280K, used 153843K [0x0000000080000000, 0x0000000100000000)
  region size 1024K, 2 young (2048K), 2 survivors (2048K)
 Metaspace       used 93835K, capacity 96144K, committed 96256K, reserved 1132544K
  class space    used 12357K, capacity 13204K, committed 13312K, reserved 1048576K
}
Event: 31.668 GC heap before
{Heap before GC invocations=34 (full 0):
 garbage-first heap   total 225280K, used 172275K [0x0000000080000000, 0x0000000100000000)
  region size 1024K, 21 young (21504K), 2 survivors (2048K)
 Metaspace       used 93868K, capacity 96149K, committed 96512K, reserved 1132544K
  class space    used 12357K, capacity 13204K, committed 13312K, reserved 1048576K
}
Event: 31.686 GC heap after
{Heap after GC invocations=35 (full 0):
 garbage-first heap   total 225280K, used 164072K [0x0000000080000000, 0x0000000100000000)
  region size 1024K, 3 young (3072K), 3 survivors (3072K)
 Metaspace       used 93868K, capacity 96149K, committed 96512K, reserved 1132544K
  class space    used 12357K, capacity 13204K, committed 13312K, reserved 1048576K
}
Event: 31.988 GC heap before
{Heap before GC invocations=36 (full 0):
 garbage-first heap   total 225280K, used 180456K [0x0000000080000000, 0x0000000100000000)
  region size 1024K, 19 young (19456K), 3 survivors (3072K)
 Metaspace       used 93896K, capacity 96151K, committed 96512K, reserved 1132544K
  class space    used 12357K, capacity 13204K, committed 13312K, reserved 1048576K
}
Event: 32.007 GC heap after
{Heap after GC invocations=37 (full 0):
 garbage-first heap   total 225280K, used 172810K [0x0000000080000000, 0x0000000100000000)
  region size 1024K, 3 young (3072K), 3 survivors (3072K)
 Metaspace       used 93896K, capacity 96151K, committed 96512K, reserved 1132544K
  class space    used 12357K, capacity 13204K, committed 13312K, reserved 1048576K
}
Event: 32.138 GC heap before
{Heap before GC invocations=37 (full 0):
 garbage-first heap   total 225280K, used 186122K [0x0000000080000000, 0x0000000100000000)
  region size 1024K, 16 young (16384K), 3 survivors (3072K)
 Metaspace       used 93897K, capacity 96151K, committed 96512K, reserved 1132544K
  class space    used 12357K, capacity 13204K, committed 13312K, reserved 1048576K
}
Event: 32.152 GC heap after
{Heap after GC invocations=38 (full 0):
 garbage-first heap   total 225280K, used 179984K [0x0000000080000000, 0x0000000100000000)
  region size 1024K, 2 young (2048K), 2 survivors (2048K)
 Metaspace       used 93897K, capacity 96151K, committed 96512K, reserved 1132544K
  class space    used 12357K, capacity 13204K, committed 13312K, reserved 1048576K
}
Event: 32.289 GC heap before
{Heap before GC invocations=38 (full 0):
 garbage-first heap   total 225280K, used 190224K [0x0000000080000000, 0x0000000100000000)
  region size 1024K, 12 young (12288K), 2 survivors (2048K)
 Metaspace       used 93899K, capacity 96152K, committed 96512K, reserved 1132544K
  class space    used 12357K, capacity 13204K, committed 13312K, reserved 1048576K
}

