# JRE version: OpenJDK Runtime Environment (11.0.12+7) (build 11.0.12+7-b1504.28-7817840)
# Java VM: OpenJDK 64-Bit Server VM (11.0.12+7-b1504.28-7817840, mixed mode, tiered, compressed oops, g1 gc, windows-amd64)
Heap:
 garbage-first heap   total 535552K, used 253297K [0x0000000080000000, 0x0000000100000000)
  region size 1024K, 7 young (7168K), 7 survivors (7168K)
 Metaspace       used 115826K, capacity 118995K, committed 119084K, reserved 1153024K
  class space    used 14517K, capacity 15724K, committed 15744K, reserved 1048576K
GC Heap History (20 events):
Event: 54.053 GC heap after
{Heap after GC invocations=54 (full 0):
 garbage-first heap   total 225280K, used 105963K [0x0000000080000000, 0x0000000100000000)
  region size 1024K, 3 young (3072K), 3 survivors (3072K)
 Metaspace       used 113013K, capacity 115927K, committed 116140K, reserved 1150976K
  class space    used 14234K, capacity 15321K, committed 15360K, reserved 1048576K
}
Event: 54.656 GC heap before
{Heap before GC invocations=54 (full 0):
 garbage-first heap   total 225280K, used 141803K [0x0000000080000000, 0x0000000100000000)
  region size 1024K, 26 young (26624K), 3 survivors (3072K)
 Metaspace       used 113654K, capacity 116525K, committed 116780K, reserved 1150976K
  class space    used 14307K, capacity 15397K, committed 15488K, reserved 1048576K
}
Event: 54.668 GC heap after
{Heap after GC invocations=55 (full 0):
 garbage-first heap   total 225280K, used 124780K [0x0000000080000000, 0x0000000100000000)
  region size 1024K, 8 young (8192K), 8 survivors (8192K)
 Metaspace       used 113654K, capacity 116525K, committed 116780K, reserved 1150976K
  class space    used 14307K, capacity 15397K, committed 15488K, reserved 1048576K
}
Event: 55.352 GC heap before
{Heap before GC invocations=56 (full 0):
 garbage-first heap   total 225280K, used 218988K [0x0000000080000000, 0x0000000100000000)
  region size 1024K, 71 young (72704K), 8 survivors (8192K)
 Metaspace       used 113873K, capacity 116793K, committed 117036K, reserved 1150976K
  class space    used 14326K, capacity 15437K, committed 15488K, reserved 1048576K
}
Event: 55.403 GC heap after
{Heap after GC invocations=57 (full 0):
 garbage-first heap   total 247808K, used 155866K [0x0000000080000000, 0x0000000100000000)
  region size 1024K, 9 young (9216K), 9 survivors (9216K)
 Metaspace       used 113873K, capacity 116793K, committed 117036K, reserved 1150976K
  class space    used 14326K, capacity 15437K, committed 15488K, reserved 1048576K
}
Event: 55.432 GC heap before
{Heap before GC invocations=57 (full 0):
 garbage-first heap   total 247808K, used 158938K [0x0000000080000000, 0x0000000100000000)
  region size 1024K, 12 young (12288K), 9 survivors (9216K)
 Metaspace       used 113873K, capacity 116793K, committed 117036K, reserved 1150976K
  class space    used 14326K, capacity 15437K, committed 15488K, reserved 1048576K
}
Event: 55.462 GC heap after
{Heap after GC invocations=58 (full 0):
 garbage-first heap   total 247808K, used 150377K [0x0000000080000000, 0x0000000100000000)
  region size 1024K, 2 young (2048K), 2 survivors (2048K)
 Metaspace       used 113873K, capacity 116793K, committed 117036K, reserved 1150976K
  class space    used 14326K, capacity 15437K, committed 15488K, reserved 1048576K
}
Event: 56.079 GC heap before
{Heap before GC invocations=58 (full 0):
 garbage-first heap   total 247808K, used 197481K [0x0000000080000000, 0x0000000100000000)
  region size 1024K, 49 young (50176K), 2 survivors (2048K)
 Metaspace       used 114419K, capacity 117421K, committed 117676K, reserved 1150976K
  class space    used 14374K, capacity 15495K, committed 15616K, reserved 1048576K
}
Event: 56.119 GC heap after
{Heap after GC invocations=59 (full 0):
 garbage-first heap   total 247808K, used 167845K [0x0000000080000000, 0x0000000100000000)
  region size 1024K, 7 young (7168K), 7 survivors (7168K)
 Metaspace       used 114419K, capacity 117421K, committed 117676K, reserved 1150976K
  class space    used 14374K, capacity 15495K, committed 15616K, reserved 1048576K
}
Event: 56.384 GC heap before
{Heap before GC invocations=59 (full 0):
 garbage-first heap   total 247808K, used 199589K [0x0000000080000000, 0x0000000100000000)
  region size 1024K, 39 young (39936K), 7 survivors (7168K)
 Metaspace       used 114432K, capacity 117423K, committed 117676K, reserved 1150976K
  class space    used 14374K, capacity 15495K, committed 15616K, reserved 1048576K
}
Event: 56.431 GC heap after
{Heap after GC invocations=60 (full 0):
 garbage-first heap   total 247808K, used 185344K [0x0000000080000000, 0x0000000100000000)
  region size 1024K, 5 young (5120K), 5 survivors (5120K)
 Metaspace       used 114432K, capacity 117423K, committed 117676K, reserved 1150976K
  class space    used 14374K, capacity 15495K, committed 15616K, reserved 1048576K
}
Event: 56.627 GC heap before
{Heap before GC invocations=60 (full 0):
 garbage-first heap   total 247808K, used 203776K [0x0000000080000000, 0x0000000100000000)
  region size 1024K, 23 young (23552K), 5 survivors (5120K)
 Metaspace       used 114461K, capacity 117488K, committed 117676K, reserved 1150976K
  class space    used 14374K, capacity 15495K, committed 15616K, reserved 1048576K
}
Event: 56.654 GC heap after
{Heap after GC invocations=61 (full 0):
 garbage-first heap   total 394240K, used 194560K [0x0000000080000000, 0x0000000100000000)
  region size 1024K, 3 young (3072K), 3 survivors (3072K)
 Metaspace       used 114461K, capacity 117488K, committed 117676K, reserved 1150976K
  class space    used 14374K, capacity 15495K, committed 15616K, reserved 1048576K
}
Event: 57.485 GC heap before
{Heap before GC invocations=61 (full 0):
 garbage-first heap   total 394240K, used 258048K [0x0000000080000000, 0x0000000100000000)
  region size 1024K, 66 young (67584K), 3 survivors (3072K)
 Metaspace       used 114618K, capacity 117673K, committed 117932K, reserved 1150976K
  class space    used 14385K, capacity 15534K, committed 15616K, reserved 1048576K
}
Event: 57.538 GC heap after
{Heap after GC invocations=62 (full 0):
 garbage-first heap   total 394240K, used 222720K [0x0000000080000000, 0x0000000100000000)
  region size 1024K, 9 young (9216K), 9 survivors (9216K)
 Metaspace       used 114618K, capacity 117673K, committed 117932K, reserved 1150976K
  class space    used 14385K, capacity 15534K, committed 15616K, reserved 1048576K
}
Event: 58.670 GC heap before
{Heap before GC invocations=62 (full 0):
 garbage-first heap   total 394240K, used 278016K [0x0000000080000000, 0x0000000100000000)
  region size 1024K, 64 young (65536K), 9 survivors (9216K)
 Metaspace       used 115498K, capacity 118595K, committed 118828K, reserved 1153024K
  class space    used 14482K, capacity 15658K, committed 15744K, reserved 1048576K
}
Event: 58.713 GC heap after
{Heap after GC invocations=63 (full 0):
 garbage-first heap   total 394240K, used 232448K [0x0000000080000000, 0x0000000100000000)
  region size 1024K, 8 young (8192K), 8 survivors (8192K)
 Metaspace       used 115498K, capacity 118595K, committed 118828K, reserved 1153024K
  class space    used 14482K, capacity 15658K, committed 15744K, reserved 1048576K
}
Event: 59.903 GC heap before
{Heap before GC invocations=63 (full 0):
 garbage-first heap   total 394240K, used 290816K [0x0000000080000000, 0x0000000100000000)
  region size 1024K, 64 young (65536K), 8 survivors (8192K)
 Metaspace       used 115779K, capacity 118928K, committed 119084K, reserved 1153024K
  class space    used 14517K, capacity 15724K, committed 15744K, reserved 1048576K
}
Event: 59.933 GC heap after
{Heap after GC invocations=64 (full 0):
 garbage-first heap   total 394240K, used 239868K [0x0000000080000000, 0x0000000100000000)
  region size 1024K, 6 young (6144K), 6 survivors (6144K)
 Metaspace       used 115779K, capacity 118928K, committed 119084K, reserved 1153024K
  class space    used 14517K, capacity 15724K, committed 15744K, reserved 1048576K
}
Event: 60.745 GC heap before
{Heap before GC invocations=64 (full 0):
 garbage-first heap   total 394240K, used 306428K [0x0000000080000000, 0x0000000100000000)
  region size 1024K, 63 young (64512K), 6 survivors (6144K)
 Metaspace       used 115826K, capacity 118995K, committed 119084K, reserved 1153024K
  class space    used 14517K, capacity 15724K, committed 15744K, reserved 1048576K
}

